Arguments: 
  C:\Program Files\nodejs\node.exe C:\Users\prach\AppData\Roaming\npm\node_modules\yarn\bin\yarn.js install

PATH: 
  C:\Program Files\Microsoft\jdk-11.0.18.10-hotspot\bin;C:\windows\system32;C:\windows;C:\windows\System32\Wbem;C:\windows\System32\WindowsPowerShell\v1.0\;C:\windows\System32\OpenSSH\;C:\Program Files (x86)\NVIDIA Corporation\PhysX\Common;C:\Program Files\NVIDIA Corporation\NVIDIA NvDLISR;C:\Program Files\Git\cmd;C:\Program Files\nodejs\;C:\WINDOWS\system32;C:\WINDOWS;C:\WINDOWS\System32\Wbem;C:\WINDOWS\System32\WindowsPowerShell\v1.0\;C:\WINDOWS\System32\OpenSSH\;C:\ProgramData\chocolatey\bin;%LOCALAPPDATA%\Android\Sdk\platform-tools;C:\Users\prach\AppData\Local\Programs\Python\Python311\Scripts\;C:\Users\prach\AppData\Local\Programs\Python\Python311\;C:\Users\prach\AppData\Local\Microsoft\WindowsApps;C:\Users\prach\AppData\Local\Programs\Microsoft VS Code\bin;C:\Users\prach\PyCharm Community Edition 2022.3\bin;;C:\Users\prach\AppData\Roaming\npm;C:\Program Files\nodejs\node_modules\npm\bin;C:\Users\prach\AppData\Local\Android\Sdk;

Yarn version: 
  1.22.19

Node version: 
  18.14.2

Platform: 
  win32 x64

Trace: 
  Error: connect ETIMEDOUT 2606:4700:8dd3:80e2:e40c:0:6810:1023:443
      at TCPConnectWrap.afterConnect [as oncomplete] (node:net:1494:16)

npm manifest: 
  {
    "name": "currencyconverter",
    "version": "1.0.0",
    "main": "node_modules/expo/AppEntry.js",
    "scripts": {
      "start": "expo start",
      "android": "expo start --android",
      "ios": "expo start --ios",
      "web": "expo start --web"
    },
    "dependencies": {
      "expo": "~48.0.6",
      "expo-status-bar": "~1.4.4",
      "react": "18.2.0",
      "react-native": "0.71.3"
    },
    "devDependencies": {
      "@babel/core": "^7.20.0"
    },
    "private": true
  }

yarn manifest: 
  No manifest

Lockfile: 
  No lockfile
